Command line invocation:
    /Applications/Xcode.app/Contents/Developer/usr/bin/xcodebuild build -scheme Lexis -destination "platform=iOS Simulator,name=iPhone 17 Pro"

2026-04-21 17:11:14.361 xcodebuild[82089:5263918] [MT] IDERunDestination: Supported platforms for the buildables in the current scheme is empty.
ComputePackagePrebuildTargetDependencyGraph

Prepare packages

CreateBuildRequest

SendProjectDescription

CreateBuildOperation

ComputeTargetDependencyGraph
note: Building targets in dependency order
note: Target dependency graph (1 target)
    Target 'Lexis' in project 'Lexis' (no dependencies)

GatherProvisioningInputs

CreateBuildDescription

ExecuteExternalTool /Applications/Xcode.app/Contents/Developer/usr/bin/actool --print-asset-tag-combinations --output-format xml1 /Users/Aaron/Desktop/Company/Lexis/Assets.xcassets

ExecuteExternalTool /Applications/Xcode.app/Contents/Developer/Toolchains/XcodeDefault.xctoolchain/usr/bin/clang -v -E -dM -isysroot /Applications/Xcode.app/Contents/Developer/Platforms/iPhoneSimulator.platform/Developer/SDKs/iPhoneSimulator26.4.sdk -x c -c /dev/null

ExecuteExternalTool /Applications/Xcode.app/Contents/Developer/usr/bin/actool --version --output-format xml1

ExecuteExternalTool /Applications/Xcode.app/Contents/Developer/Toolchains/XcodeDefault.xctoolchain/usr/bin/swiftc --version

ExecuteExternalTool /Applications/Xcode.app/Contents/Developer/Toolchains/XcodeDefault.xctoolchain/usr/bin/ld -version_details

Build description signature: 1accc4c4da505af7b5c024e6fb32c8d8
Build description path: /Users/Aaron/Library/Developer/Xcode/DerivedData/Lexis-acqpgqkxbgwysegyitdlhuxpyajf/Build/Intermediates.noindex/XCBuildData/1accc4c4da505af7b5c024e6fb32c8d8.xcbuilddata
ClangStatCache /Applications/Xcode.app/Contents/Developer/Toolchains/XcodeDefault.xctoolchain/usr/bin/clang-stat-cache /Applications/Xcode.app/Contents/Developer/Platforms/iPhoneSimulator.platform/Developer/SDKs/iPhoneSimulator26.4.sdk /Users/Aaron/Library/Developer/Xcode/DerivedData/SDKStatCaches.noindex/iphonesimulator26.4-23E252-686eebb5dc1d8ecb277353a59184f4aa.sdkstatcache
    cd /Users/Aaron/Desktop/Company/Lexis/Lexis.xcodeproj
    /Applications/Xcode.app/Contents/Developer/Toolchains/XcodeDefault.xctoolchain/usr/bin/clang-stat-cache /Applications/Xcode.app/Contents/Developer/Platforms/iPhoneSimulator.platform/Developer/SDKs/iPhoneSimulator26.4.sdk -o /Users/Aaron/Library/Developer/Xcode/DerivedData/SDKStatCaches.noindex/iphonesimulator26.4-23E252-686eebb5dc1d8ecb277353a59184f4aa.sdkstatcache

ProcessInfoPlistFile /Users/Aaron/Library/Developer/Xcode/DerivedData/Lexis-acqpgqkxbgwysegyitdlhuxpyajf/Build/Products/Debug-iphonesimulator/Lexis.app/Info.plist /Users/Aaron/Desktop/Company/Lexis/Info.plist (in target 'Lexis' from project 'Lexis')
    cd /Users/Aaron/Desktop/Company/Lexis
    builtin-infoPlistUtility /Users/Aaron/Desktop/Company/Lexis/Info.plist -producttype com.apple.product-type.application -genpkginfo /Users/Aaron/Library/Developer/Xcode/DerivedData/Lexis-acqpgqkxbgwysegyitdlhuxpyajf/Build/Products/Debug-iphonesimulator/Lexis.app/PkgInfo -expandbuildsettings -format binary -platform iphonesimulator -additionalcontentfile /Users/Aaron/Library/Developer/Xcode/DerivedData/Lexis-acqpgqkxbgwysegyitdlhuxpyajf/Build/Intermediates.noindex/Lexis.build/Debug-iphonesimulator/Lexis.build/assetcatalog_generated_info.plist -o /Users/Aaron/Library/Developer/Xcode/DerivedData/Lexis-acqpgqkxbgwysegyitdlhuxpyajf/Build/Products/Debug-iphonesimulator/Lexis.app/Info.plist

SwiftDriver Lexis normal arm64 com.apple.xcode.tools.swift.compiler (in target 'Lexis' from project 'Lexis')
    cd /Users/Aaron/Desktop/Company/Lexis
    builtin-SwiftDriver -- /Applications/Xcode.app/Contents/Developer/Toolchains/XcodeDefault.xctoolchain/usr/bin/swiftc -module-name Lexis -Onone @/Users/Aaron/Library/Developer/Xcode/DerivedData/Lexis-acqpgqkxbgwysegyitdlhuxpyajf/Build/Intermediates.noindex/Lexis.build/Debug-iphonesimulator/Lexis.build/Objects-normal/arm64/Lexis.SwiftFileList -DDEBUG -default-isolation\=MainActor -enable-bare-slash-regex -enable-upcoming-feature DisableOutwardActorInference -enable-upcoming-feature InferSendableFromCaptures -enable-upcoming-feature GlobalActorIsolatedTypesUsability -enable-upcoming-feature MemberImportVisibility -enable-upcoming-feature InferIsolatedConformances -enable-upcoming-feature NonisolatedNonsendingByDefault -enable-experimental-feature DebugDescriptionMacro -sdk /Applications/Xcode.app/Contents/Developer/Platforms/iPhoneSimulator.platform/Developer/SDKs/iPhoneSimulator26.4.sdk -target arm64-apple-ios26.2-simulator -g -module-cache-path /Users/Aaron/Library/Developer/Xcode/DerivedData/ModuleCache.noindex -Xfrontend -serialize-debugging-options -profile-coverage-mapping -profile-generate -enable-testing -index-store-path /Users/Aaron/Library/Developer/Xcode/DerivedData/Lexis-acqpgqkxbgwysegyitdlhuxpyajf/Index.noindex/DataStore -Xcc -D_LIBCPP_HARDENING_MODE\=_LIBCPP_HARDENING_MODE_DEBUG -swift-version 5 -I /Users/Aaron/Library/Developer/Xcode/DerivedData/Lexis-acqpgqkxbgwysegyitdlhuxpyajf/Build/Products/Debug-iphonesimulator -F /Users/Aaron/Library/Developer/Xcode/DerivedData/Lexis-acqpgqkxbgwysegyitdlhuxpyajf/Build/Products/Debug-iphonesimulator -emit-localized-strings -emit-localized-strings-path /Users/Aaron/Library/Developer/Xcode/DerivedData/Lexis-acqpgqkxbgwysegyitdlhuxpyajf/Build/Intermediates.noindex/Lexis.build/Debug-iphonesimulator/Lexis.build/Objects-normal/arm64 -c -j8 -enable-batch-mode -incremental -Xcc -ivfsstatcache -Xcc /Users/Aaron/Library/Developer/Xcode/DerivedData/SDKStatCaches.noindex/iphonesimulator26.4-23E252-686eebb5dc1d8ecb277353a59184f4aa.sdkstatcache -output-file-map /Users/Aaron/Library/Developer/Xcode/DerivedData/Lexis-acqpgqkxbgwysegyitdlhuxpyajf/Build/Intermediates.noindex/Lexis.build/Debug-iphonesimulator/Lexis.build/Objects-normal/arm64/Lexis-OutputFileMap.json -use-frontend-parseable-output -save-temps -no-color-diagnostics -explicit-module-build -module-cache-path /Users/Aaron/Library/Developer/Xcode/DerivedData/Lexis-acqpgqkxbgwysegyitdlhuxpyajf/Build/Intermediates.noindex/SwiftExplicitPrecompiledModules -clang-scanner-module-cache-path /Users/Aaron/Library/Developer/Xcode/DerivedData/ModuleCache.noindex -sdk-module-cache-path /Users/Aaron/Library/Developer/Xcode/DerivedData/ModuleCache.noindex -serialize-diagnostics -emit-dependencies -emit-module -emit-module-path /Users/Aaron/Library/Developer/Xcode/DerivedData/Lexis-acqpgqkxbgwysegyitdlhuxpyajf/Build/Intermediates.noindex/Lexis.build/Debug-iphonesimulator/Lexis.build/Objects-normal/arm64/Lexis.swiftmodule -validate-clang-modules-once -clang-build-session-file /Users/Aaron/Library/Developer/Xcode/DerivedData/ModuleCache.noindex/Session.modulevalidation -Xcc -I/Users/Aaron/Library/Developer/Xcode/DerivedData/Lexis-acqpgqkxbgwysegyitdlhuxpyajf/Build/Intermediates.noindex/Lexis.build/Debug-iphonesimulator/Lexis.build/swift-overrides.hmap -emit-const-values -Xfrontend -const-gather-protocols-file -Xfrontend /Users/Aaron/Library/Developer/Xcode/DerivedData/Lexis-acqpgqkxbgwysegyitdlhuxpyajf/Build/Intermediates.noindex/Lexis.build/Debug-iphonesimulator/Lexis.build/Objects-normal/arm64/Lexis_const_extract_protocols.json -Xcc -iquote -Xcc /Users/Aaron/Library/Developer/Xcode/DerivedData/Lexis-acqpgqkxbgwysegyitdlhuxpyajf/Build/Intermediates.noindex/Lexis.build/Debug-iphonesimulator/Lexis.build/Lexis-generated-files.hmap -Xcc -I/Users/Aaron/Library/Developer/Xcode/DerivedData/Lexis-acqpgqkxbgwysegyitdlhuxpyajf/Build/Intermediates.noindex/Lexis.build/Debug-iphonesimulator/Lexis.build/Lexis-own-target-headers.hmap -Xcc -I/Users/Aaron/Library/Developer/Xcode/DerivedData/Lexis-acqpgqkxbgwysegyitdlhuxpyajf/Build/Intermediates.noindex/Lexis.build/Debug-iphonesimulator/Lexis.build/Lexis-all-target-headers.hmap -Xcc -iquote -Xcc /Users/Aaron/Library/Developer/Xcode/DerivedData/Lexis-acqpgqkxbgwysegyitdlhuxpyajf/Build/Intermediates.noindex/Lexis.build/Debug-iphonesimulator/Lexis.build/Lexis-project-headers.hmap -Xcc -I/Users/Aaron/Library/Developer/Xcode/DerivedData/Lexis-acqpgqkxbgwysegyitdlhuxpyajf/Build/Products/Debug-iphonesimulator/include -Xcc -I/Users/Aaron/Library/Developer/Xcode/DerivedData/Lexis-acqpgqkxbgwysegyitdlhuxpyajf/Build/Intermediates.noindex/Lexis.build/Debug-iphonesimulator/Lexis.build/DerivedSources-normal/arm64 -Xcc -I/Users/Aaron/Library/Developer/Xcode/DerivedData/Lexis-acqpgqkxbgwysegyitdlhuxpyajf/Build/Intermediates.noindex/Lexis.build/Debug-iphonesimulator/Lexis.build/DerivedSources/arm64 -Xcc -I/Users/Aaron/Library/Developer/Xcode/DerivedData/Lexis-acqpgqkxbgwysegyitdlhuxpyajf/Build/Intermediates.noindex/Lexis.build/Debug-iphonesimulator/Lexis.build/DerivedSources -Xcc -DDEBUG\=1 -emit-objc-header -emit-objc-header-path /Users/Aaron/Library/Developer/Xcode/DerivedData/Lexis-acqpgqkxbgwysegyitdlhuxpyajf/Build/Intermediates.noindex/Lexis.build/Debug-iphonesimulator/Lexis.build/Objects-normal/arm64/Lexis-Swift.h -working-directory /Users/Aaron/Desktop/Company/Lexis -experimental-emit-module-separately -disable-cmo

SwiftExplicitDependencyGeneratePcm arm64 /Users/Aaron/Library/Developer/Xcode/DerivedData/ModuleCache.noindex/ExtensionFoundation-EITW0NXUAPE6418MMVENWWG23.pcm

SwiftExplicitDependencyGeneratePcm arm64 /Users/Aaron/Library/Developer/Xcode/DerivedData/ModuleCache.noindex/BackgroundAssets-8C516UOWMUBYN6CJN201TDU0I.pcm

SwiftEmitModule normal arm64 Emitting\ module\ for\ Lexis (in target 'Lexis' from project 'Lexis')

EmitSwiftModule normal arm64 (in target 'Lexis' from project 'Lexis')
    cd /Users/Aaron/Desktop/Company/Lexis
    

SwiftCompile normal arm64 Compiling\ SettingsView.swift /Users/Aaron/Desktop/Company/Lexis/SettingsView.swift (in target 'Lexis' from project 'Lexis')
SwiftCompile normal arm64 /Users/Aaron/Desktop/Company/Lexis/SettingsView.swift (in target 'Lexis' from project 'Lexis')
    cd /Users/Aaron/Desktop/Company/Lexis
    
/Users/Aaron/Desktop/Company/Lexis/SettingsView.swift:28:22: warning: 'onChange(of:perform:)' was deprecated in iOS 17.0: Use `onChange` with a two or zero parameter action closure instead.
                    .onChange(of: wordNotifEnabled) { _ in
                     ^
/Users/Aaron/Desktop/Company/Lexis/SettingsView.swift:35:30: warning: 'onChange(of:perform:)' was deprecated in iOS 17.0: Use `onChange` with a two or zero parameter action closure instead.
                            .onChange(of: wordTime) { _ in
                             ^
/Users/Aaron/Desktop/Company/Lexis/SettingsView.swift:48:22: warning: 'onChange(of:perform:)' was deprecated in iOS 17.0: Use `onChange` with a two or zero parameter action closure instead.
                    .onChange(of: quizNotifEnabled) { _ in
                     ^
/Users/Aaron/Desktop/Company/Lexis/SettingsView.swift:55:30: warning: 'onChange(of:perform:)' was deprecated in iOS 17.0: Use `onChange` with a two or zero parameter action closure instead.
                            .onChange(of: quizTime) { _ in
                             ^

SwiftCompile normal arm64 Compiling\ GeneratedAssetSymbols.swift /Users/Aaron/Library/Developer/Xcode/DerivedData/Lexis-acqpgqkxbgwysegyitdlhuxpyajf/Build/Intermediates.noindex/Lexis.build/Debug-iphonesimulator/Lexis.build/DerivedSources/GeneratedAssetSymbols.swift (in target 'Lexis' from project 'Lexis')
SwiftCompile normal arm64 /Users/Aaron/Library/Developer/Xcode/DerivedData/Lexis-acqpgqkxbgwysegyitdlhuxpyajf/Build/Intermediates.noindex/Lexis.build/Debug-iphonesimulator/Lexis.build/DerivedSources/GeneratedAssetSymbols.swift (in target 'Lexis' from project 'Lexis')
    cd /Users/Aaron/Desktop/Company/Lexis
    

SwiftCompile normal arm64 Compiling\ TodayView.swift /Users/Aaron/Desktop/Company/Lexis/TodayView.swift (in target 'Lexis' from project 'Lexis')

SwiftCompile normal arm64 /Users/Aaron/Desktop/Company/Lexis/TodayView.swift (in target 'Lexis' from project 'Lexis')
    cd /Users/Aaron/Desktop/Company/Lexis
    

SwiftCompile normal arm64 Compiling\ QuizView.swift /Users/Aaron/Desktop/Company/Lexis/QuizView.swift (in target 'Lexis' from project 'Lexis')

SwiftCompile normal arm64 /Users/Aaron/Desktop/Company/Lexis/QuizView.swift (in target 'Lexis' from project 'Lexis')
    cd /Users/Aaron/Desktop/Company/Lexis
    

SwiftCompile normal arm64 Compiling\ Services.swift /Users/Aaron/Desktop/Company/Lexis/Services.swift (in target 'Lexis' from project 'Lexis')
Failed frontend command:
/Applications/Xcode.app/Contents/Developer/Toolchains/XcodeDefault.xctoolchain/usr/bin/swift-frontend -frontend -c /Users/Aaron/Desktop/Company/Lexis/QuizView.swift /Users/Aaron/Desktop/Company/Lexis/SettingsView.swift /Users/Aaron/Desktop/Company/Lexis/ArchiveView.swift /Users/Aaron/Desktop/Company/Lexis/Theme.swift /Users/Aaron/Desktop/Company/Lexis/TodayView.swift /Users/Aaron/Desktop/Company/Lexis/Models.swift -primary-file /Users/Aaron/Desktop/Company/Lexis/Services.swift /Users/Aaron/Desktop/Company/Lexis/LexisApp.swift /Users/Aaron/Library/Developer/Xcode/DerivedData/Lexis-acqpgqkxbgwysegyitdlhuxpyajf/Build/Intermediates.noindex/Lexis.build/Debug-iphonesimulator/Lexis.build/DerivedSources/GeneratedAssetSymbols.swift -emit-dependencies-path /Users/Aaron/Library/Developer/Xcode/DerivedData/Lexis-acqpgqkxbgwysegyitdlhuxpyajf/Build/Intermediates.noindex/Lexis.build/Debug-iphonesimulator/Lexis.build/Objects-normal/arm64/Services.d -emit-const-values-path /Users/Aaron/Library/Developer/Xcode/DerivedData/Lexis-acqpgqkxbgwysegyitdlhuxpyajf/Build/Intermediates.noindex/Lexis.build/Debug-iphonesimulator/Lexis.build/Objects-normal/arm64/Services.swiftconstvalues -emit-reference-dependencies-path /Users/Aaron/Library/Developer/Xcode/DerivedData/Lexis-acqpgqkxbgwysegyitdlhuxpyajf/Build/Intermediates.noindex/Lexis.build/Debug-iphonesimulator/Lexis.build/Objects-normal/arm64/Services.swiftdeps -serialize-diagnostics-path /Users/Aaron/Library/Developer/Xcode/DerivedData/Lexis-acqpgqkxbgwysegyitdlhuxpyajf/Build/Intermediates.noindex/Lexis.build/Debug-iphonesimulator/Lexis.build/Objects-normal/arm64/Services.dia -emit-localized-strings -emit-localized-strings-path /Users/Aaron/Library/Developer/Xcode/DerivedData/Lexis-acqpgqkxbgwysegyitdlhuxpyajf/Build/Intermediates.noindex/Lexis.build/Debug-iphonesimulator/Lexis.build/Objects-normal/arm64 -target arm64-apple-ios26.2-simulator -module-can-import-version DeveloperToolsSupport 23.40.26 23.40.26 -module-can-import-version FoundationModels 1.4.34 0 -module-can-import-version SwiftUI 7.4.27.1 7.4.27 -module-can-import-version UIKit 9126.4.27.1 9126.4.27 -load-resolved-plugin /Applications/Xcode.app/Contents/Developer/Platforms/iPhoneOS.platform/Developer/usr/lib/swift/host/plugins/libFoundationMacros.dylib\#/Applications/Xcode.app/Contents/Developer/Platforms/iPhoneOS.platform/Developer/usr/bin/swift-plugin-server\#FoundationMacros -load-resolved-plugin /Applications/Xcode.app/Contents/Developer/Platforms/iPhoneOS.platform/Developer/usr/lib/swift/host/plugins/libFoundationModelsMacros.dylib\#/Applications/Xcode.app/Contents/Developer/Platforms/iPhoneOS.platform/Developer/usr/bin/swift-plugin-server\#FoundationModelsMacros -load-resolved-plugin /Applications/Xcode.app/Contents/Developer/Platforms/iPhoneOS.platform/Developer/usr/lib/swift/host/plugins/libObservationMacros.dylib\#/Applications/Xcode.app/Contents/Developer/Platforms/iPhoneOS.platform/Developer/usr/bin/swift-plugin-server\#ObservationMacros -load-resolved-plugin /Applications/Xcode.app/Contents/Developer/Platforms/iPhoneOS.platform/Developer/usr/lib/swift/host/plugins/libPreviewsMacros.dylib\#/Applications/Xcode.app/Contents/Developer/Platforms/iPhoneOS.platform/Developer/usr/bin/swift-plugin-server\#PreviewsMacros -load-resolved-plugin /Applications/Xcode.app/Contents/Developer/Platforms/iPhoneOS.platform/Developer/usr/lib/swift/host/plugins/libSwiftMacros.dylib\#/Applications/Xcode.app/Contents/Developer/Platforms/iPhoneOS.platform/Developer/usr/bin/swift-plugin-server\#SwiftMacros -load-resolved-plugin /Applications/Xcode.app/Contents/Developer/Platforms/iPhoneOS.platform/Developer/usr/lib/swift/host/plugins/libSwiftUIMacros.dylib\#/Applications/Xcode.app/Contents/Developer/Platforms/iPhoneOS.platform/Developer/usr/bin/swift-plugin-server\#SwiftUIMacros -disable-implicit-swift-modules -Xcc -fno-implicit-modules -Xcc -fno-implicit-module-maps -explicit-swift-module-map-file /Users/Aaron/Library/Developer/Xcode/DerivedData/Lexis-acqpgqkxbgwysegyitdlhuxpyajf/Build/Intermediates.noindex/Lexis.build/Debug-iphonesimulator/Lexis.build/Objects-normal/arm64/Lexis-dependencies-1.json -debug-module-path /Users/Aaron/Library/Developer/Xcode/DerivedData/Lexis-acqpgqkxbgwysegyitdlhuxpyajf/Build/Intermediates.noindex/Lexis.build/Debug-iphonesimulator/Lexis.build/Objects-normal/arm64/Lexis.swiftmodule -Xllvm -aarch64-use-tbi -enable-objc-interop -sdk /Applications/Xcode.app/Contents/Developer/Platforms/iPhoneSimulator.platform/Developer/SDKs/iPhoneSimulator26.4.sdk -I /Users/Aaron/Library/Developer/Xcode/DerivedData/Lexis-acqpgqkxbgwysegyitdlhuxpyajf/Build/Products/Debug-iphonesimulator -F /Users/Aaron/Library/Developer/Xcode/DerivedData/Lexis-acqpgqkxbgwysegyitdlhuxpyajf/Build/Products/Debug-iphonesimulator -no-color-diagnostics -Xcc -fno-color-diagnostics -enable-testing -g -debug-info-format\=dwarf -dwarf-version\=5 -module-cache-path /Users/Aaron/Library/Developer/Xcode/DerivedData/Lexis-acqpgqkxbgwysegyitdlhuxpyajf/Build/Intermediates.noindex/SwiftExplicitPrecompiledModules -profile-generate -profile-coverage-mapping -swift-version 5 -Onone -D DEBUG -serialize-debugging-options -const-gather-protocols-file /Users/Aaron/Library/Developer/Xcode/DerivedData/Lexis-acqpgqkxbgwysegyitdlhuxpyajf/Build/Intermediates.noindex/Lexis.build/Debug-iphonesimulator/Lexis.build/Objects-normal/arm64/Lexis_const_extract_protocols.json -enable-upcoming-feature DisableOutwardActorInference -enable-upcoming-feature InferSendableFromCaptures -enable-upcoming-feature GlobalActorIsolatedTypesUsability -enable-upcoming-feature MemberImportVisibility -enable-upcoming-feature InferIsolatedConformances -enable-upcoming-feature NonisolatedNonsendingByDefault -enable-experimental-feature DebugDescriptionMacro -enable-bare-slash-regex -default-isolation\=MainActor -empty-abi-descriptor -validate-clang-modules-once -clang-build-session-file /Users/Aaron/Library/Developer/Xcode/DerivedData/ModuleCache.noindex/Session.modulevalidation -Xcc -working-directory -Xcc /Users/Aaron/Desktop/Company/Lexis -enable-anonymous-context-mangled-names -file-compilation-dir /Users/Aaron/Desktop/Company/Lexis -Xcc -D_LIBCPP_HARDENING_MODE\=_LIBCPP_HARDENING_MODE_DEBUG -Xcc -ivfsstatcache -Xcc /Users/Aaron/Library/Developer/Xcode/DerivedData/SDKStatCaches.noindex/iphonesimulator26.4-23E252-686eebb5dc1d8ecb277353a59184f4aa.sdkstatcache -Xcc -I/Users/Aaron/Library/Developer/Xcode/DerivedData/Lexis-acqpgqkxbgwysegyitdlhuxpyajf/Build/Intermediates.noindex/Lexis.build/Debug-iphonesimulator/Lexis.build/swift-overrides.hmap -Xcc -iquote -Xcc /Users/Aaron/Library/Developer/Xcode/DerivedData/Lexis-acqpgqkxbgwysegyitdlhuxpyajf/Build/Intermediates.noindex/Lexis.build/Debug-iphonesimulator/Lexis.build/Lexis-generated-files.hmap -Xcc -I/Users/Aaron/Library/Developer/Xcode/DerivedData/Lexis-acqpgqkxbgwysegyitdlhuxpyajf/Build/Intermediates.noindex/Lexis.build/Debug-iphonesimulator/Lexis.build/Lexis-own-target-headers.hmap -Xcc -I/Users/Aaron/Library/Developer/Xcode/DerivedData/Lexis-acqpgqkxbgwysegyitdlhuxpyajf/Build/Intermediates.noindex/Lexis.build/Debug-iphonesimulator/Lexis.build/Lexis-all-target-headers.hmap -Xcc -iquote -Xcc /Users/Aaron/Library/Developer/Xcode/DerivedData/Lexis-acqpgqkxbgwysegyitdlhuxpyajf/Build/Intermediates.noindex/Lexis.build/Debug-iphonesimulator/Lexis.build/Lexis-project-headers.hmap -Xcc -I/Users/Aaron/Library/Developer/Xcode/DerivedData/Lexis-acqpgqkxbgwysegyitdlhuxpyajf/Build/Products/Debug-iphonesimulator/include -Xcc -I/Users/Aaron/Library/Developer/Xcode/DerivedData/Lexis-acqpgqkxbgwysegyitdlhuxpyajf/Build/Intermediates.noindex/Lexis.build/Debug-iphonesimulator/Lexis.build/DerivedSources-normal/arm64 -Xcc -I/Users/Aaron/Library/Developer/Xcode/DerivedData/Lexis-acqpgqkxbgwysegyitdlhuxpyajf/Build/Intermediates.noindex/Lexis.build/Debug-iphonesimulator/Lexis.build/DerivedSources/arm64 -Xcc -I/Users/Aaron/Library/Developer/Xcode/DerivedData/Lexis-acqpgqkxbgwysegyitdlhuxpyajf/Build/Intermediates.noindex/Lexis.build/Debug-iphonesimulator/Lexis.build/DerivedSources -Xcc -DDEBUG\=1 -no-auto-bridging-header-chaining -module-name Lexis -frontend-parseable-output -disable-clang-spi -clang-target arm64-apple-ios26.4-simulator -target-sdk-version 26.4 -target-sdk-name iphonesimulator26.4 -in-process-plugin-server-path /Applications/Xcode.app/Contents/Developer/Toolchains/XcodeDefault.xctoolchain/usr/lib/swift/host/libSwiftInProcPluginServer.dylib -o /Users/Aaron/Library/Developer/Xcode/DerivedData/Lexis-acqpgqkxbgwysegyitdlhuxpyajf/Build/Intermediates.noindex/Lexis.build/Debug-iphonesimulator/Lexis.build/Objects-normal/arm64/Services.o -index-unit-output-path /Lexis.build/Debug-iphonesimulator/Lexis.build/Objects-normal/arm64/Services.o -index-store-path /Users/Aaron/Library/Developer/Xcode/DerivedData/Lexis-acqpgqkxbgwysegyitdlhuxpyajf/Index.noindex/DataStore -index-system-modules

SwiftCompile normal arm64 /Users/Aaron/Desktop/Company/Lexis/Services.swift (in target 'Lexis' from project 'Lexis')
    cd /Users/Aaron/Desktop/Company/Lexis
    
/Users/Aaron/Desktop/Company/Lexis/Services.swift:131:24: error: cannot find 'WordBank' in scope
                return WordBank.getRandomWord()
                       ^~~~~~~~
/Users/Aaron/Desktop/Company/Lexis/Services.swift:137:16: error: cannot find 'WordBank' in scope
        return WordBank.getRandomWord()
               ^~~~~~~~

SwiftDriverJobDiscovery normal arm64 Compiling SettingsView.swift (in target 'Lexis' from project 'Lexis')

SwiftCompile normal arm64 Compiling\ LexisApp.swift /Users/Aaron/Desktop/Company/Lexis/LexisApp.swift (in target 'Lexis' from project 'Lexis')

SwiftCompile normal arm64 /Users/Aaron/Desktop/Company/Lexis/LexisApp.swift (in target 'Lexis' from project 'Lexis')
    cd /Users/Aaron/Desktop/Company/Lexis
    

SwiftDriverJobDiscovery normal arm64 Compiling TodayView.swift (in target 'Lexis' from project 'Lexis')

SwiftCompile normal arm64 Compiling\ ArchiveView.swift /Users/Aaron/Desktop/Company/Lexis/ArchiveView.swift (in target 'Lexis' from project 'Lexis')

** BUILD FAILED **


The following build commands failed:
	SwiftCompile normal arm64 Compiling\ Services.swift /Users/Aaron/Desktop/Company/Lexis/Services.swift (in target 'Lexis' from project 'Lexis')
	SwiftCompile normal arm64 /Users/Aaron/Desktop/Company/Lexis/Services.swift (in target 'Lexis' from project 'Lexis')
	Building project Lexis with scheme Lexis
(3 failures)
